mode: set
github.com/confiify/confii-go/builder.go:15.38,17.2 1 1
github.com/confiify/confii-go/builder.go:20.54,23.2 2 1
github.com/confiify/confii-go/builder.go:26.54,27.43 1 1
github.com/confiify/confii-go/builder.go:27.43,29.3 1 1
github.com/confiify/confii-go/builder.go:30.2,30.10 1 1
github.com/confiify/confii-go/builder.go:34.64,35.43 1 1
github.com/confiify/confii-go/builder.go:35.43,37.3 1 1
github.com/confiify/confii-go/builder.go:38.2,38.10 1 1
github.com/confiify/confii-go/builder.go:42.59,45.2 2 1
github.com/confiify/confii-go/builder.go:48.60,51.2 2 1
github.com/confiify/confii-go/builder.go:54.54,57.2 2 1
github.com/confiify/confii-go/builder.go:60.55,63.2 2 1
github.com/confiify/confii-go/builder.go:66.54,69.2 2 1
github.com/confiify/confii-go/builder.go:72.55,75.2 2 1
github.com/confiify/confii-go/builder.go:78.52,81.2 2 1
github.com/confiify/confii-go/builder.go:84.53,87.2 2 1
github.com/confiify/confii-go/builder.go:90.48,93.2 2 1
github.com/confiify/confii-go/builder.go:96.80,99.2 2 1
github.com/confiify/confii-go/builder.go:102.55,105.2 2 1
github.com/confiify/confii-go/builder.go:108.69,110.2 1 1
github.com/confiify/confii-go/config.go:73.77,75.29 2 1
github.com/confiify/confii-go/config.go:75.29,77.3 1 1
github.com/confiify/confii-go/config.go:80.2,80.47 1 1
github.com/confiify/confii-go/config.go:80.47,82.3 1 0
github.com/confiify/confii-go/config.go:85.2,85.28 1 1
github.com/confiify/confii-go/config.go:85.28,86.58 1 1
github.com/confiify/confii-go/config.go:86.58,88.4 1 1
github.com/confiify/confii-go/config.go:92.2,93.31 2 1
github.com/confiify/confii-go/config.go:93.31,95.3 1 1
github.com/confiify/confii-go/config.go:97.2,111.25 2 1
github.com/confiify/confii-go/config.go:111.25,113.3 1 1
github.com/confiify/confii-go/config.go:114.2,114.25 1 1
github.com/confiify/confii-go/config.go:114.25,116.3 1 1
github.com/confiify/confii-go/config.go:119.2,119.36 1 1
github.com/confiify/confii-go/config.go:119.36,121.3 1 1
github.com/confiify/confii-go/config.go:124.2,124.47 1 1
github.com/confiify/confii-go/config.go:124.47,125.38 1 1
github.com/confiify/confii-go/config.go:125.38,126.29 1 1
github.com/confiify/confii-go/config.go:126.29,128.5 1 1
github.com/confiify/confii-go/config.go:129.4,129.81 1 1
github.com/confiify/confii-go/config.go:134.2,134.23 1 1
github.com/confiify/confii-go/config.go:134.23,136.3 1 1
github.com/confiify/confii-go/config.go:139.2,139.27 1 1
github.com/confiify/confii-go/config.go:139.27,141.3 1 1
github.com/confiify/confii-go/config.go:143.2,143.15 1 1
github.com/confiify/confii-go/config.go:147.53,150.30 2 1
github.com/confiify/confii-go/config.go:150.30,152.17 2 1
github.com/confiify/confii-go/config.go:152.17,153.42 1 1
github.com/confiify/confii-go/config.go:153.42,155.5 1 1
github.com/confiify/confii-go/config.go:156.4,157.12 2 1
github.com/confiify/confii-go/config.go:159.3,159.18 1 1
github.com/confiify/confii-go/config.go:159.18,160.12 1 1
github.com/confiify/confii-go/config.go:164.3,165.17 2 1
github.com/confiify/confii-go/config.go:165.17,168.4 2 0
github.com/confiify/confii-go/config.go:171.3,172.23 2 1
github.com/confiify/confii-go/config.go:172.23,174.4 1 0
github.com/confiify/confii-go/config.go:175.3,180.38 3 1
github.com/confiify/confii-go/config.go:183.2,190.12 4 1
github.com/confiify/confii-go/config.go:198.54,203.9 4 1
github.com/confiify/confii-go/config.go:203.9,204.28 1 1
github.com/confiify/confii-go/config.go:204.28,205.55 1 1
github.com/confiify/confii-go/config.go:205.55,207.5 1 1
github.com/confiify/confii-go/config.go:209.3,209.72 1 1
github.com/confiify/confii-go/config.go:212.2,212.45 1 1
github.com/confiify/confii-go/config.go:212.45,214.3 1 1
github.com/confiify/confii-go/config.go:215.2,215.51 1 1
github.com/confiify/confii-go/config.go:219.63,221.16 2 1
github.com/confiify/confii-go/config.go:221.16,223.3 1 1
github.com/confiify/confii-go/config.go:224.2,224.12 1 1
github.com/confiify/confii-go/config.go:228.63,230.16 2 1
github.com/confiify/confii-go/config.go:230.16,232.3 1 1
github.com/confiify/confii-go/config.go:233.2,233.31 1 1
github.com/confiify/confii-go/config.go:233.31,235.3 1 1
github.com/confiify/confii-go/config.go:236.2,236.36 1 1
github.com/confiify/confii-go/config.go:240.68,242.16 2 1
github.com/confiify/confii-go/config.go:242.16,244.3 1 1
github.com/confiify/confii-go/config.go:245.2,245.10 1 1
github.com/confiify/confii-go/config.go:249.57,251.16 2 1
github.com/confiify/confii-go/config.go:251.16,253.3 1 1
github.com/confiify/confii-go/config.go:254.2,254.25 1 1
github.com/confiify/confii-go/config.go:255.11,256.16 1 1
github.com/confiify/confii-go/config.go:257.13,258.21 1 1
github.com/confiify/confii-go/config.go:259.15,260.21 1 1
github.com/confiify/confii-go/config.go:261.10,262.103 1 1
github.com/confiify/confii-go/config.go:267.66,269.16 2 1
github.com/confiify/confii-go/config.go:269.16,271.3 1 1
github.com/confiify/confii-go/config.go:272.2,272.10 1 1
github.com/confiify/confii-go/config.go:276.59,278.16 2 1
github.com/confiify/confii-go/config.go:278.16,280.3 1 1
github.com/confiify/confii-go/config.go:281.2,281.29 1 1
github.com/confiify/confii-go/config.go:281.29,283.3 1 1
github.com/confiify/confii-go/config.go:284.2,284.108 1 1
github.com/confiify/confii-go/config.go:288.69,290.16 2 1
github.com/confiify/confii-go/config.go:290.16,292.3 1 1
github.com/confiify/confii-go/config.go:293.2,293.10 1 1
github.com/confiify/confii-go/config.go:297.65,299.16 2 1
github.com/confiify/confii-go/config.go:299.16,301.3 1 1
github.com/confiify/confii-go/config.go:302.2,302.25 1 1
github.com/confiify/confii-go/config.go:303.15,304.16 1 1
github.com/confiify/confii-go/config.go:305.11,306.25 1 1
github.com/confiify/confii-go/config.go:307.13,308.25 1 1
github.com/confiify/confii-go/config.go:309.10,310.111 1 1
github.com/confiify/confii-go/config.go:315.49,317.16 2 1
github.com/confiify/confii-go/config.go:317.16,318.13 1 1
github.com/confiify/confii-go/config.go:320.2,320.12 1 1
github.com/confiify/confii-go/config.go:324.46,328.2 3 1
github.com/confiify/confii-go/config.go:335.37,336.26 1 1
github.com/confiify/confii-go/config.go:336.26,336.49 1 1
github.com/confiify/confii-go/config.go:341.77,345.14 3 1
github.com/confiify/confii-go/config.go:345.14,347.3 1 1
github.com/confiify/confii-go/config.go:349.2,350.25 2 1
github.com/confiify/confii-go/config.go:350.25,352.3 1 1
github.com/confiify/confii-go/config.go:354.2,354.67 1 1
github.com/confiify/confii-go/config.go:354.67,356.3 1 1
github.com/confiify/confii-go/config.go:358.2,358.72 1 1
github.com/confiify/confii-go/config.go:358.72,360.3 1 0
github.com/confiify/confii-go/config.go:361.2,364.12 3 1
github.com/confiify/confii-go/config.go:368.53,372.21 4 1
github.com/confiify/confii-go/config.go:372.21,374.3 1 1
github.com/confiify/confii-go/config.go:375.2,376.13 2 1
github.com/confiify/confii-go/config.go:376.13,378.3 1 1
github.com/confiify/confii-go/config.go:378.8,380.3 1 1
github.com/confiify/confii-go/config.go:381.2,382.13 2 1
github.com/confiify/confii-go/config.go:386.45,389.24 3 1
github.com/confiify/confii-go/config.go:389.24,391.3 1 1
github.com/confiify/confii-go/config.go:392.2,392.23 1 0
github.com/confiify/confii-go/config.go:400.60,405.17 4 1
github.com/confiify/confii-go/config.go:405.17,411.3 1 1
github.com/confiify/confii-go/config.go:413.2,423.27 2 1
github.com/confiify/confii-go/config.go:423.27,425.34 2 1
github.com/confiify/confii-go/config.go:425.34,429.4 1 1
github.com/confiify/confii-go/config.go:430.3,430.39 1 1
github.com/confiify/confii-go/config.go:434.2,434.61 1 1
github.com/confiify/confii-go/config.go:434.61,436.3 1 1
github.com/confiify/confii-go/config.go:438.2,438.15 1 1
github.com/confiify/confii-go/config.go:442.59,449.9 5 1
github.com/confiify/confii-go/config.go:449.9,452.3 2 1
github.com/confiify/confii-go/config.go:454.2,458.15 4 1
github.com/confiify/confii-go/config.go:462.47,469.30 5 1
github.com/confiify/confii-go/config.go:469.30,471.19 2 1
github.com/confiify/confii-go/config.go:471.19,472.12 1 0
github.com/confiify/confii-go/config.go:474.3,477.23 3 1
github.com/confiify/confii-go/config.go:477.23,479.4 1 0
github.com/confiify/confii-go/config.go:481.3,487.5 2 1
github.com/confiify/confii-go/config.go:489.2,489.15 1 1
github.com/confiify/confii-go/config.go:493.75,495.2 1 1
github.com/confiify/confii-go/config.go:498.84,500.2 1 1
github.com/confiify/confii-go/config.go:503.71,505.2 1 1
github.com/confiify/confii-go/config.go:508.58,510.2 1 1
github.com/confiify/confii-go/config.go:513.65,515.2 1 1
github.com/confiify/confii-go/config.go:518.59,520.2 1 1
github.com/confiify/confii-go/config.go:523.64,525.2 1 1
github.com/confiify/confii-go/config.go:528.58,530.2 1 1
github.com/confiify/confii-go/config.go:537.65,543.22 5 1
github.com/confiify/confii-go/config.go:543.22,545.3 1 1
github.com/confiify/confii-go/config.go:546.2,556.25 4 1
github.com/confiify/confii-go/config.go:556.25,559.60 3 1
github.com/confiify/confii-go/config.go:559.60,561.4 1 1
github.com/confiify/confii-go/config.go:562.3,564.5 1 1
github.com/confiify/confii-go/config.go:567.2,567.16 1 1
github.com/confiify/confii-go/config.go:568.14,570.27 2 1
github.com/confiify/confii-go/config.go:572.18,576.29 4 1
github.com/confiify/confii-go/config.go:576.29,578.4 1 1
github.com/confiify/confii-go/config.go:579.3,579.25 1 1
github.com/confiify/confii-go/config.go:581.10,582.94 1 1
github.com/confiify/confii-go/config.go:600.46,601.29 1 1
github.com/confiify/confii-go/config.go:601.29,601.48 1 1
github.com/confiify/confii-go/config.go:605.38,606.29 1 1
github.com/confiify/confii-go/config.go:606.29,606.45 1 1
github.com/confiify/confii-go/config.go:610.43,611.29 1 1
github.com/confiify/confii-go/config.go:611.29,611.50 1 1
github.com/confiify/confii-go/config.go:615.77,619.14 3 1
github.com/confiify/confii-go/config.go:619.14,621.3 1 1
github.com/confiify/confii-go/config.go:623.2,624.25 2 1
github.com/confiify/confii-go/config.go:624.25,626.3 1 1
github.com/confiify/confii-go/config.go:629.2,629.20 1 1
github.com/confiify/confii-go/config.go:629.20,631.31 2 1
github.com/confiify/confii-go/config.go:631.31,633.4 1 1
github.com/confiify/confii-go/config.go:634.3,635.24 2 1
github.com/confiify/confii-go/config.go:635.24,637.4 1 1
github.com/confiify/confii-go/config.go:641.2,645.36 4 1
github.com/confiify/confii-go/config.go:645.36,650.3 3 0
github.com/confiify/confii-go/config.go:652.2,655.23 2 1
github.com/confiify/confii-go/config.go:655.23,657.3 1 1
github.com/confiify/confii-go/config.go:658.2,658.27 1 1
github.com/confiify/confii-go/config.go:658.27,660.3 1 1
github.com/confiify/confii-go/config.go:663.2,664.24 2 1
github.com/confiify/confii-go/config.go:664.24,666.3 1 1
github.com/confiify/confii-go/config.go:667.2,667.20 1 1
github.com/confiify/confii-go/config.go:667.20,669.71 2 1
github.com/confiify/confii-go/config.go:669.71,673.4 3 1
github.com/confiify/confii-go/config.go:677.2,677.15 1 1
github.com/confiify/confii-go/config.go:677.15,682.3 4 1
github.com/confiify/confii-go/config.go:684.2,687.23 3 1
github.com/confiify/confii-go/config.go:687.23,689.3 1 1
github.com/confiify/confii-go/config.go:690.2,690.27 1 1
github.com/confiify/confii-go/config.go:690.27,692.3 1 1
github.com/confiify/confii-go/config.go:694.2,694.12 1 1
github.com/confiify/confii-go/config.go:698.65,702.14 3 1
github.com/confiify/confii-go/config.go:702.14,704.3 1 1
github.com/confiify/confii-go/config.go:706.2,707.16 2 1
github.com/confiify/confii-go/config.go:707.16,709.3 1 1
github.com/confiify/confii-go/config.go:710.2,710.17 1 1
github.com/confiify/confii-go/config.go:710.17,712.3 1 1
github.com/confiify/confii-go/config.go:714.2,724.12 7 1
github.com/confiify/confii-go/config.go:729.84,737.30 6 1
github.com/confiify/confii-go/config.go:737.30,740.3 2 1
github.com/confiify/confii-go/config.go:741.2,744.19 3 1
github.com/confiify/confii-go/config.go:744.19,751.3 6 1
github.com/confiify/confii-go/config.go:752.2,752.21 1 1
github.com/confiify/confii-go/config.go:757.81,765.16 6 1
github.com/confiify/confii-go/config.go:766.14,767.51 1 1
github.com/confiify/confii-go/config.go:768.14,769.35 1 1
github.com/confiify/confii-go/config.go:770.14,774.32 4 1
github.com/confiify/confii-go/config.go:775.10,776.66 1 1
github.com/confiify/confii-go/config.go:778.2,778.16 1 1
github.com/confiify/confii-go/config.go:778.16,780.3 1 0
github.com/confiify/confii-go/config.go:782.2,782.48 1 1
github.com/confiify/confii-go/config.go:782.48,783.67 1 1
github.com/confiify/confii-go/config.go:783.67,785.4 1 1
github.com/confiify/confii-go/config.go:788.2,788.20 1 1
github.com/confiify/confii-go/config.go:792.30,796.2 3 1
github.com/confiify/confii-go/config.go:799.37,803.2 3 1
github.com/confiify/confii-go/config.go:806.34,806.50 1 1
github.com/confiify/confii-go/config.go:809.71,813.2 3 1
github.com/confiify/confii-go/config.go:816.53,816.79 1 1
github.com/confiify/confii-go/config.go:819.62,821.2 1 1
github.com/confiify/confii-go/config.go:824.76,826.2 1 1
github.com/confiify/confii-go/config.go:833.60,836.23 3 1
github.com/confiify/confii-go/config.go:836.23,838.3 1 1
github.com/confiify/confii-go/config.go:839.2,839.19 1 1
github.com/confiify/confii-go/config.go:843.58,846.27 3 1
github.com/confiify/confii-go/config.go:846.27,848.3 1 1
github.com/confiify/confii-go/config.go:849.2,849.23 1 1
github.com/confiify/confii-go/config.go:853.99,856.25 3 1
github.com/confiify/confii-go/config.go:856.25,858.3 1 1
github.com/confiify/confii-go/config.go:859.2,859.21 1 1
github.com/confiify/confii-go/config.go:863.49,866.23 3 1
github.com/confiify/confii-go/config.go:866.23,868.3 1 1
github.com/confiify/confii-go/config.go:869.2,869.32 1 1
github.com/confiify/confii-go/config.go:873.84,876.25 3 1
github.com/confiify/confii-go/config.go:876.25,880.3 3 1
github.com/confiify/confii-go/config.go:881.2,881.56 1 1
github.com/confiify/confii-go/config.go:885.63,889.14 3 1
github.com/confiify/confii-go/config.go:889.14,891.3 1 1
github.com/confiify/confii-go/config.go:892.2,892.25 1 1
github.com/confiify/confii-go/config.go:892.25,894.3 1 1
github.com/confiify/confii-go/config.go:896.2,897.14 2 1
github.com/confiify/confii-go/config.go:897.14,899.3 1 1
github.com/confiify/confii-go/config.go:901.2,904.12 4 1
github.com/confiify/confii-go/config.go:908.36,911.22 3 1
github.com/confiify/confii-go/config.go:911.22,914.3 2 1
github.com/confiify/confii-go/config.go:917.37,919.30 2 1
github.com/confiify/confii-go/config.go:919.30,921.3 1 1
github.com/confiify/confii-go/config.go:922.2,922.42 1 1
github.com/confiify/confii-go/config.go:922.42,924.3 1 0
github.com/confiify/confii-go/config.go:925.2,925.16 1 1
github.com/confiify/confii-go/config.go:925.16,928.3 2 0
github.com/confiify/confii-go/config.go:929.2,929.15 1 1
github.com/confiify/confii-go/config.go:937.41,939.29 2 1
github.com/confiify/confii-go/config.go:939.29,942.3 2 1
github.com/confiify/confii-go/config.go:943.2,947.29 4 1
github.com/confiify/confii-go/config.go:947.29,949.3 1 0
github.com/confiify/confii-go/config.go:951.2,952.16 2 1
github.com/confiify/confii-go/config.go:952.16,954.3 1 1
github.com/confiify/confii-go/config.go:955.2,956.19 2 1
github.com/confiify/confii-go/config.go:961.37,965.30 4 1
github.com/confiify/confii-go/config.go:965.30,967.3 1 1
github.com/confiify/confii-go/config.go:968.2,969.14 2 1
github.com/confiify/confii-go/config.go:969.14,971.3 1 1
github.com/confiify/confii-go/config.go:972.2,973.63 1 1
github.com/confiify/confii-go/config.go:980.72,981.33 1 1
github.com/confiify/confii-go/config.go:981.33,983.3 1 1
github.com/confiify/confii-go/config.go:984.2,986.32 3 1
github.com/confiify/confii-go/config.go:986.32,988.61 2 1
github.com/confiify/confii-go/config.go:988.61,989.41 1 1
github.com/confiify/confii-go/config.go:989.41,990.12 1 1
github.com/confiify/confii-go/config.go:990.12,991.19 1 1
github.com/confiify/confii-go/config.go:991.19,991.36 1 1
github.com/confiify/confii-go/config.go:992.6,992.29 1 1
github.com/confiify/confii-go/config.go:999.62,1001.28 2 1
github.com/confiify/confii-go/config.go:1001.28,1003.3 1 1
github.com/confiify/confii-go/config.go:1004.2,1005.9 2 1
github.com/confiify/confii-go/config.go:1005.9,1007.3 1 1
github.com/confiify/confii-go/config.go:1008.2,1008.18 1 1
github.com/confiify/confii-go/config.go:1011.47,1013.22 2 1
github.com/confiify/confii-go/config.go:1013.22,1014.40 1 1
github.com/confiify/confii-go/config.go:1014.40,1016.4 1 1
github.com/confiify/confii-go/config.go:1016.9,1018.4 1 1
github.com/confiify/confii-go/config.go:1020.2,1020.15 1 1
github.com/confiify/confii-go/config.go:1024.43,1026.16 2 1
github.com/confiify/confii-go/config.go:1026.16,1028.3 1 0
github.com/confiify/confii-go/config.go:1029.2,1029.21 1 1
github.com/confiify/confii-go/config.go:1029.21,1031.3 1 1
github.com/confiify/confii-go/config.go:1033.2,1033.61 1 1
github.com/confiify/confii-go/config.go:1033.61,1035.3 1 1
github.com/confiify/confii-go/config.go:1036.2,1036.63 1 1
github.com/confiify/confii-go/config.go:1036.63,1038.3 1 1
github.com/confiify/confii-go/config.go:1039.2,1039.59 1 1
github.com/confiify/confii-go/config.go:1039.59,1041.3 1 1
github.com/confiify/confii-go/config.go:1042.2,1042.70 1 1
github.com/confiify/confii-go/config.go:1042.70,1044.3 1 1
github.com/confiify/confii-go/config.go:1045.2,1045.60 1 1
github.com/confiify/confii-go/config.go:1045.60,1047.3 1 1
github.com/confiify/confii-go/config.go:1048.2,1048.71 1 1
github.com/confiify/confii-go/config.go:1048.71,1050.3 1 1
github.com/confiify/confii-go/config.go:1051.2,1051.71 1 1
github.com/confiify/confii-go/config.go:1051.71,1053.3 1 1
github.com/confiify/confii-go/config.go:1054.2,1054.71 1 1
github.com/confiify/confii-go/config.go:1054.71,1056.3 1 1
github.com/confiify/confii-go/config.go:1057.2,1057.74 1 1
github.com/confiify/confii-go/config.go:1057.74,1059.3 1 1
github.com/confiify/confii-go/config.go:1060.2,1060.74 1 1
github.com/confiify/confii-go/config.go:1060.74,1062.3 1 1
github.com/confiify/confii-go/config.go:1063.2,1063.67 1 1
github.com/confiify/confii-go/config.go:1063.67,1065.3 1 1
github.com/confiify/confii-go/config.go:1066.2,1066.60 1 1
github.com/confiify/confii-go/config.go:1066.60,1068.3 1 1
github.com/confiify/confii-go/config.go:1069.2,1069.61 1 1
github.com/confiify/confii-go/config.go:1069.61,1071.3 1 1
github.com/confiify/confii-go/config.go:1072.2,1072.55 1 1
github.com/confiify/confii-go/config.go:1072.55,1074.3 1 1
github.com/confiify/confii-go/config.go:1075.2,1075.62 1 1
github.com/confiify/confii-go/config.go:1075.62,1076.43 1 1
github.com/confiify/confii-go/config.go:1076.43,1078.4 1 1
github.com/confiify/confii-go/config.go:1080.2,1080.12 1 1
github.com/confiify/confii-go/config.go:1086.42,1086.59 1 1
github.com/confiify/confii-go/config.go:1087.74,1089.16 2 1
github.com/confiify/confii-go/config.go:1089.16,1090.25 1 1
github.com/confiify/confii-go/config.go:1090.25,1092.4 1 1
github.com/confiify/confii-go/config.go:1093.3,1093.40 1 0
github.com/confiify/confii-go/config.go:1095.2,1097.16 3 1
github.com/confiify/confii-go/config.go:1098.30,1099.38 1 1
github.com/confiify/confii-go/config.go:1100.30,1101.38 1 1
github.com/confiify/confii-go/config.go:1102.10,1103.38 1 1
github.com/confiify/confii-go/config.go:1105.2,1105.16 1 1
github.com/confiify/confii-go/config.go:1105.16,1107.3 1 1
github.com/confiify/confii-go/config.go:1108.2,1108.20 1 1
github.com/confiify/confii-go/config_options.go:44.31,54.2 1 1
github.com/confiify/confii-go/config_options.go:57.42,59.2 1 1
github.com/confiify/confii-go/config_options.go:65.33,66.26 1 1
github.com/confiify/confii-go/config_options.go:66.26,66.72 2 1
github.com/confiify/confii-go/config_options.go:70.44,71.26 1 1
github.com/confiify/confii-go/config_options.go:71.26,71.92 2 1
github.com/confiify/confii-go/config_options.go:75.44,76.26 1 1
github.com/confiify/confii-go/config_options.go:76.26,76.84 2 1
github.com/confiify/confii-go/config_options.go:80.42,81.26 1 1
github.com/confiify/confii-go/config_options.go:81.26,81.97 2 1
github.com/confiify/confii-go/config_options.go:85.37,86.26 1 1
github.com/confiify/confii-go/config_options.go:86.26,86.94 2 1
github.com/confiify/confii-go/config_options.go:90.37,91.26 1 1
github.com/confiify/confii-go/config_options.go:91.26,91.94 2 1
github.com/confiify/confii-go/config_options.go:95.35,96.26 1 1
github.com/confiify/confii-go/config_options.go:96.26,96.83 2 1
github.com/confiify/confii-go/config_options.go:100.54,101.26 1 1
github.com/confiify/confii-go/config_options.go:101.26,101.92 2 1
github.com/confiify/confii-go/config_options.go:105.62,106.26 1 1
github.com/confiify/confii-go/config_options.go:106.26,106.98 2 1
github.com/confiify/confii-go/config_options.go:110.42,111.26 1 1
github.com/confiify/confii-go/config_options.go:111.26,111.88 2 1
github.com/confiify/confii-go/config_options.go:115.40,116.26 1 1
github.com/confiify/confii-go/config_options.go:116.26,116.93 2 1
github.com/confiify/confii-go/config_options.go:120.36,121.26 1 1
github.com/confiify/confii-go/config_options.go:121.26,121.81 2 1
github.com/confiify/confii-go/config_options.go:125.41,126.26 1 1
github.com/confiify/confii-go/config_options.go:126.26,126.88 2 1
github.com/confiify/confii-go/config_options.go:130.40,131.26 1 1
github.com/confiify/confii-go/config_options.go:131.26,131.94 2 1
github.com/confiify/confii-go/config_options.go:135.42,136.26 1 1
github.com/confiify/confii-go/config_options.go:136.26,136.97 2 1
github.com/confiify/confii-go/config_options.go:140.38,141.26 1 1
github.com/confiify/confii-go/config_options.go:141.26,141.90 2 1
github.com/confiify/confii-go/config_options.go:145.40,146.26 1 1
github.com/confiify/confii-go/config_options.go:146.26,146.79 2 1
github.com/confiify/confii-go/config_options.go:150.35,151.26 1 1
github.com/confiify/confii-go/config_options.go:151.26,151.83 2 1
github.com/confiify/confii-go/config_options.go:155.40,156.26 1 1
github.com/confiify/confii-go/config_options.go:156.26,156.76 2 1
github.com/confiify/confii-go/errors.go:36.38,38.16 2 1
github.com/confiify/confii-go/errors.go:38.16,41.3 2 1
github.com/confiify/confii-go/errors.go:42.2,42.20 1 1
github.com/confiify/confii-go/errors.go:42.20,44.3 1 1
github.com/confiify/confii-go/errors.go:45.2,45.17 1 1
github.com/confiify/confii-go/errors.go:45.17,47.3 1 1
github.com/confiify/confii-go/errors.go:48.2,48.18 1 1
github.com/confiify/confii-go/errors.go:48.18,50.3 1 1
github.com/confiify/confii-go/errors.go:51.2,51.24 1 1
github.com/confiify/confii-go/errors.go:51.24,53.3 1 1
github.com/confiify/confii-go/errors.go:54.2,54.19 1 1
github.com/confiify/confii-go/errors.go:57.38,59.2 1 1
github.com/confiify/confii-go/errors.go:62.51,68.2 1 1
github.com/confiify/confii-go/errors.go:71.65,80.2 1 1
github.com/confiify/confii-go/errors.go:83.65,92.2 1 1
github.com/confiify/confii-go/errors.go:95.62,103.2 1 1
github.com/confiify/confii-go/errors.go:106.38,111.2 1 1
github.com/confiify/confii-go/secret.go:34.41,35.32 1 1
github.com/confiify/confii-go/secret.go:35.32,35.49 1 1
github.com/confiify/confii-go/secret.go:39.63,41.26 2 1
github.com/confiify/confii-go/secret.go:41.26,43.3 1 1
github.com/confiify/confii-go/secret.go:44.2,44.10 1 1
