mode: set
github.com/confiify/confii-go/validate/jsonschema.go:18.85,20.16 2 1
github.com/confiify/confii-go/validate/jsonschema.go:20.16,22.3 1 1
github.com/confiify/confii-go/validate/jsonschema.go:23.2,23.28 1 1
github.com/confiify/confii-go/validate/jsonschema.go:27.80,29.16 2 1
github.com/confiify/confii-go/validate/jsonschema.go:29.16,31.3 1 1
github.com/confiify/confii-go/validate/jsonschema.go:32.2,32.28 1 1
github.com/confiify/confii-go/validate/jsonschema.go:35.63,37.57 2 1
github.com/confiify/confii-go/validate/jsonschema.go:37.57,39.3 1 1
github.com/confiify/confii-go/validate/jsonschema.go:40.2,41.64 2 1
github.com/confiify/confii-go/validate/jsonschema.go:41.64,43.3 1 0
github.com/confiify/confii-go/validate/jsonschema.go:44.2,45.16 2 1
github.com/confiify/confii-go/validate/jsonschema.go:45.16,47.3 1 1
github.com/confiify/confii-go/validate/jsonschema.go:48.2,48.50 1 1
github.com/confiify/confii-go/validate/jsonschema.go:52.67,54.16 2 1
github.com/confiify/confii-go/validate/jsonschema.go:54.16,56.3 1 1
github.com/confiify/confii-go/validate/jsonschema.go:58.2,59.8 2 1
github.com/confiify/confii-go/validate/jsonschema.go:59.8,63.3 3 1
github.com/confiify/confii-go/validate/jsonschema.go:64.2,64.54 1 0
github.com/confiify/confii-go/validate/jsonschema.go:67.68,68.25 1 1
github.com/confiify/confii-go/validate/jsonschema.go:68.25,70.16 2 1
github.com/confiify/confii-go/validate/jsonschema.go:70.16,72.4 1 1
github.com/confiify/confii-go/validate/jsonschema.go:74.3,74.66 1 1
github.com/confiify/confii-go/validate/jsonschema.go:76.2,76.34 1 1
github.com/confiify/confii-go/validate/jsonschema.go:76.34,78.3 1 1
github.com/confiify/confii-go/validate/struct.go:18.54,22.2 1 1
github.com/confiify/confii-go/validate/struct.go:25.66,27.46 2 1
github.com/confiify/confii-go/validate/struct.go:27.46,29.3 1 0
github.com/confiify/confii-go/validate/struct.go:30.2,30.50 1 1
github.com/confiify/confii-go/validate/struct.go:30.50,32.3 1 1
github.com/confiify/confii-go/validate/struct.go:33.2,33.12 1 1
github.com/confiify/confii-go/validate/struct.go:37.53,39.46 2 1
github.com/confiify/confii-go/validate/struct.go:39.46,41.3 1 0
github.com/confiify/confii-go/validate/struct.go:42.2,42.21 1 1
github.com/confiify/confii-go/validate/struct.go:46.64,48.46 2 1
github.com/confiify/confii-go/validate/struct.go:48.46,50.3 1 0
github.com/confiify/confii-go/validate/struct.go:51.2,52.41 2 1
github.com/confiify/confii-go/validate/struct.go:52.41,54.3 1 1
github.com/confiify/confii-go/validate/struct.go:55.2,55.21 1 1
github.com/confiify/confii-go/validate/struct.go:58.52,65.16 3 1
github.com/confiify/confii-go/validate/struct.go:65.16,67.3 1 0
github.com/confiify/confii-go/validate/struct.go:68.2,68.29 1 1
